<?xml version="1.0" encoding="UTF-8"?>
<!-- Generated by org.testng.reporters.JUnitXMLReporter -->
<testsuite hostname="DESKTOP-6LKPR05" ignored="0" name="Test" tests="6" failures="0" timestamp="2020-04-08T11:25:01 IST" time="0.036" errors="0">
  <testcase name="appiumone" time="0.015" classname="ToolsQA.appiumTest"/>
  <testcase name="appiumtwo" time="0.0" classname="ToolsQA.appiumTest"/>
  <testcase name="seleniumone" time="0.0" classname="ToolsQA.seleniumTest"/>
  <testcase name="seleniumtwo" time="0.0" classname="ToolsQA.seleniumTest"/>
  <testcase name="alsttwo" time="0.0" classname="ToolsQA.lastTest"/>
  <testcase name="lastone" time="0.0" classname="ToolsQA.lastTest"/>
</testsuite> <!-- Test -->
