<?xml version="1.0" encoding="UTF-8"?>
<testng-results skipped="0" failed="0" ignored="0" total="6" passed="6">
  <reporter-output>
  </reporter-output>
  <suite name="Suite" duration-ms="96" started-at="2020-04-07T18:09:50 IST" finished-at="2020-04-07T18:09:50 IST">
    <groups>
    </groups>
    <test name="Test" duration-ms="96" started-at="2020-04-07T18:09:50 IST" finished-at="2020-04-07T18:09:50 IST">
      <class name="ToolsQA.appiumTest">
        <test-method status="PASS" signature="appiumone()[pri:0, instance:ToolsQA.appiumTest@42dafa95]" name="appiumone" duration-ms="8" started-at="2020-04-07T18:09:50 IST" finished-at="2020-04-07T18:09:50 IST">
          <reporter-output>
          </reporter-output>
        </test-method> <!-- appiumone -->
        <test-method status="PASS" signature="appiumtwo()[pri:0, instance:ToolsQA.appiumTest@42dafa95]" name="appiumtwo" duration-ms="0" started-at="2020-04-07T18:09:50 IST" finished-at="2020-04-07T18:09:50 IST">
          <reporter-output>
          </reporter-output>
        </test-method> <!-- appiumtwo -->
      </class> <!-- ToolsQA.appiumTest -->
      <class name="ToolsQA.lastTest">
        <test-method status="PASS" signature="alsttwo()[pri:0, instance:ToolsQA.lastTest@402a079c]" name="alsttwo" duration-ms="0" started-at="2020-04-07T18:09:50 IST" finished-at="2020-04-07T18:09:50 IST">
          <reporter-output>
          </reporter-output>
        </test-method> <!-- alsttwo -->
        <test-method status="PASS" signature="lastone()[pri:0, instance:ToolsQA.lastTest@402a079c]" name="lastone" duration-ms="0" started-at="2020-04-07T18:09:50 IST" finished-at="2020-04-07T18:09:50 IST">
          <reporter-output>
          </reporter-output>
        </test-method> <!-- lastone -->
      </class> <!-- ToolsQA.lastTest -->
      <class name="ToolsQA.seleniumTest">
        <test-method status="PASS" signature="seleniumtwo()[pri:0, instance:ToolsQA.seleniumTest@6500df86]" name="seleniumtwo" duration-ms="0" started-at="2020-04-07T18:09:50 IST" finished-at="2020-04-07T18:09:50 IST">
          <reporter-output>
          </reporter-output>
        </test-method> <!-- seleniumtwo -->
        <test-method status="PASS" signature="seleniumone()[pri:0, instance:ToolsQA.seleniumTest@6500df86]" name="seleniumone" duration-ms="0" started-at="2020-04-07T18:09:50 IST" finished-at="2020-04-07T18:09:50 IST">
          <reporter-output>
          </reporter-output>
        </test-method> <!-- seleniumone -->
      </class> <!-- ToolsQA.seleniumTest -->
    </test> <!-- Test -->
  </suite> <!-- Suite -->
</testng-results>
