<?xml version="1.0" encoding="UTF-8"?>
<testng-results skipped="0" failed="0" ignored="0" total="6" passed="6">
  <reporter-output>
  </reporter-output>
  <suite name="Suite" duration-ms="36" started-at="2020-04-08T11:25:01 IST" finished-at="2020-04-08T11:25:01 IST">
    <groups>
    </groups>
    <test name="Test" duration-ms="36" started-at="2020-04-08T11:25:01 IST" finished-at="2020-04-08T11:25:01 IST">
      <class name="ToolsQA.appiumTest">
        <test-method status="PASS" signature="appiumone()[pri:0, instance:ToolsQA.appiumTest@32709393]" name="appiumone" duration-ms="15" started-at="2020-04-08T11:25:01 IST" finished-at="2020-04-08T11:25:01 IST">
          <reporter-output>
          </reporter-output>
        </test-method> <!-- appiumone -->
        <test-method status="PASS" signature="appiumtwo()[pri:0, instance:ToolsQA.appiumTest@32709393]" name="appiumtwo" duration-ms="0" started-at="2020-04-08T11:25:01 IST" finished-at="2020-04-08T11:25:01 IST">
          <reporter-output>
          </reporter-output>
        </test-method> <!-- appiumtwo -->
      </class> <!-- ToolsQA.appiumTest -->
      <class name="ToolsQA.lastTest">
        <test-method status="PASS" signature="alsttwo()[pri:0, instance:ToolsQA.lastTest@49fc609f]" name="alsttwo" duration-ms="0" started-at="2020-04-08T11:25:01 IST" finished-at="2020-04-08T11:25:01 IST">
          <reporter-output>
          </reporter-output>
        </test-method> <!-- alsttwo -->
        <test-method status="PASS" signature="lastone()[pri:0, instance:ToolsQA.lastTest@49fc609f]" name="lastone" duration-ms="0" started-at="2020-04-08T11:25:01 IST" finished-at="2020-04-08T11:25:01 IST">
          <reporter-output>
          </reporter-output>
        </test-method> <!-- lastone -->
      </class> <!-- ToolsQA.lastTest -->
      <class name="ToolsQA.seleniumTest">
        <test-method status="PASS" signature="seleniumone()[pri:0, instance:ToolsQA.seleniumTest@3d99d22e]" name="seleniumone" duration-ms="0" started-at="2020-04-08T11:25:01 IST" finished-at="2020-04-08T11:25:01 IST">
          <reporter-output>
          </reporter-output>
        </test-method> <!-- seleniumone -->
        <test-method status="PASS" signature="seleniumtwo()[pri:0, instance:ToolsQA.seleniumTest@3d99d22e]" name="seleniumtwo" duration-ms="0" started-at="2020-04-08T11:25:01 IST" finished-at="2020-04-08T11:25:01 IST">
          <reporter-output>
          </reporter-output>
        </test-method> <!-- seleniumtwo -->
      </class> <!-- ToolsQA.seleniumTest -->
    </test> <!-- Test -->
  </suite> <!-- Suite -->
</testng-results>
